<?xml version="1.0" encoding="UTF-8"?>
<!-- Generated by org.testng.reporters.JUnitReportReporter -->
<testsuite skipped="0" hostname="DESKTOP-CJ18TJS" name="APIAutomation.com.org.appliedselenium.WeatherGetParam" tests="1" failures="0" timestamp="19 Apr 2020 19:43:22 GMT" time="4.041" errors="0">
  <testcase name="Test_05" time="4.041" classname="APIAutomation.com.org.appliedselenium.WeatherGetParam"/>
</testsuite> <!-- APIAutomation.com.org.appliedselenium.WeatherGetParam -->
