<?xml version="1.0" encoding="UTF-8"?>
<!-- Generated by org.testng.reporters.JUnitReportReporter -->
<testsuite skipped="0" hostname="DESKTOP-CJ18TJS" name="APIAutomation.com.org.appliedselenium.WeatherGetRequest" tests="1" failures="0" timestamp="16 Apr 2020 21:11:13 GMT" time="3.892" errors="0">
  <testcase name="Test_01" time="3.892" classname="APIAutomation.com.org.appliedselenium.WeatherGetRequest"/>
</testsuite> <!-- APIAutomation.com.org.appliedselenium.WeatherGetRequest -->
